Started GET "/" for 127.0.0.1 at 2020-11-29 08:18:38 -0800
  [1m[35m (2.6ms)[0m  [1m[34mSELECT sqlite_version(*)[0m
Processing by Rails::WelcomeController#index as HTML
  Rendering vendor/bundle/ruby/2.7.0/gems/railties-6.0.3.4/lib/rails/templates/rails/welcome/index.html.erb
  Rendered vendor/bundle/ruby/2.7.0/gems/railties-6.0.3.4/lib/rails/templates/rails/welcome/index.html.erb (Duration: 8.5ms | Allocations: 404)
Completed 200 OK in 59ms (Views: 28.6ms | ActiveRecord: 0.0ms | Allocations: 2437)


Started GET "/" for 127.0.0.1 at 2020-11-29 08:32:21 -0800
  [1m[35m (1.0ms)[0m  [1m[34mSELECT sqlite_version(*)[0m
Processing by HomeController#index as HTML
  Rendering home/index.html.erb within layouts/application
  Rendered home/index.html.erb within layouts/application (Duration: 1.2ms | Allocations: 259)
[Webpacker] Compiling...
[Webpacker] Compiled all packs in /Users/mac/Desktop/twitter_redesign/public/packs
[Webpacker] Hash: 15d1bb7b54cf6326b9ba
Version: webpack 4.44.2
Time: 4639ms
Built at: 11/29/2020 8:32:33 AM
                                     Asset       Size       Chunks                         Chunk Names
    js/application-9afcbb5693aa87623e69.js    124 KiB  application  [emitted] [immutable]  application
js/application-9afcbb5693aa87623e69.js.map    139 KiB  application  [emitted] [dev]        application
                             manifest.json  364 bytes               [emitted]              
Entrypoint application = js/application-9afcbb5693aa87623e69.js js/application-9afcbb5693aa87623e69.js.map
[./app/javascript/channels sync recursive _channel\.js$] ./app/javascript/channels sync _channel\.js$ 160 bytes {application} [built]
[./app/javascript/channels/index.js] 211 bytes {application} [built]
[./app/javascript/packs/application.js] 749 bytes {application} [built]
[./node_modules/webpack/buildin/module.js] (webpack)/buildin/module.js 552 bytes {application} [built]
    + 3 hidden modules

Completed 200 OK in 13164ms (Views: 13157.7ms | ActiveRecord: 0.0ms | Allocations: 20420)


  [1m[35m (0.8ms)[0m  [1m[34mSELECT sqlite_version(*)[0m
  [1m[35m (1.6ms)[0m  [1m[35mCREATE TABLE "schema_migrations" ("version" varchar NOT NULL PRIMARY KEY)[0m
  [1m[35m (1.5ms)[0m  [1m[35mCREATE TABLE "ar_internal_metadata" ("key" varchar NOT NULL PRIMARY KEY, "value" varchar, "created_at" datetime(6) NOT NULL, "updated_at" datetime(6) NOT NULL)[0m
  [1m[36mActiveRecord::InternalMetadata Load (0.3ms)[0m  [1m[34mSELECT "ar_internal_metadata".* FROM "ar_internal_metadata" WHERE "ar_internal_metadata"."key" = ? LIMIT ?[0m  [["key", "environment"], ["LIMIT", 1]]
  [1m[35m (0.1ms)[0m  [1m[36mbegin transaction[0m
  [1m[36mActiveRecord::InternalMetadata Create (0.4ms)[0m  [1m[32mINSERT INTO "ar_internal_metadata" ("key", "value", "created_at", "updated_at") VALUES (?, ?, ?, ?)[0m  [["key", "environment"], ["value", "development"], ["created_at", "2020-11-29 20:14:42.995559"], ["updated_at", "2020-11-29 20:14:42.995559"]]
  [1m[35m (31.9ms)[0m  [1m[36mcommit transaction[0m
  [1m[35m (0.2ms)[0m  [1m[34mSELECT sqlite_version(*)[0m
  [1m[35m (0.1ms)[0m  [1m[34mSELECT "schema_migrations"."version" FROM "schema_migrations" ORDER BY "schema_migrations"."version" ASC[0m
  [1m[35m (0.6ms)[0m  [1m[34mSELECT sqlite_version(*)[0m
  [1m[35m (0.3ms)[0m  [1m[34mSELECT "schema_migrations"."version" FROM "schema_migrations" ORDER BY "schema_migrations"."version" ASC[0m
Migrating to DeviseCreateUsers (20201129201601)
  [1m[35m (0.1ms)[0m  [1m[36mbegin transaction[0m
  [1m[35m (0.9ms)[0m  [1m[35mCREATE TABLE "users" ("id" integer PRIMARY KEY AUTOINCREMENT NOT NULL, "email" varchar DEFAULT '' NOT NULL, "encrypted_password" varchar DEFAULT '' NOT NULL, "reset_password_token" varchar, "reset_password_sent_at" datetime, "remember_created_at" datetime, "created_at" datetime(6) NOT NULL, "updated_at" datetime(6) NOT NULL)[0m
  [1m[35m (0.2ms)[0m  [1m[35mCREATE UNIQUE INDEX "index_users_on_email" ON "users" ("email")[0m
  [1m[35m (0.1ms)[0m  [1m[35mCREATE UNIQUE INDEX "index_users_on_reset_password_token" ON "users" ("reset_password_token")[0m
  [1m[36mprimary::SchemaMigration Create (0.2ms)[0m  [1m[32mINSERT INTO "schema_migrations" ("version") VALUES (?)[0m  [["version", "20201129201601"]]
  [1m[35m (130.0ms)[0m  [1m[36mcommit transaction[0m
  [1m[36mActiveRecord::InternalMetadata Load (1.6ms)[0m  [1m[34mSELECT "ar_internal_metadata".* FROM "ar_internal_metadata" WHERE "ar_internal_metadata"."key" = ? LIMIT ?[0m  [["key", "environment"], ["LIMIT", 1]]
  [1m[35m (0.1ms)[0m  [1m[34mSELECT sqlite_version(*)[0m
  [1m[35m (0.3ms)[0m  [1m[34mSELECT "schema_migrations"."version" FROM "schema_migrations" ORDER BY "schema_migrations"."version" ASC[0m
  [1m[35m (1.1ms)[0m  [1m[34mSELECT sqlite_version(*)[0m
  [1m[35m (0.5ms)[0m  [1m[34mSELECT "schema_migrations"."version" FROM "schema_migrations" ORDER BY "schema_migrations"."version" ASC[0m
  [1m[35m (0.1ms)[0m  [1m[34mSELECT "schema_migrations"."version" FROM "schema_migrations" ORDER BY "schema_migrations"."version" ASC[0m
  [1m[35m (0.1ms)[0m  [1m[34mSELECT "schema_migrations"."version" FROM "schema_migrations" ORDER BY "schema_migrations"."version" ASC[0m
  [1m[35m (0.1ms)[0m  [1m[34mSELECT "schema_migrations"."version" FROM "schema_migrations" ORDER BY "schema_migrations"."version" ASC[0m
Migrating to DeviseCreateUsers (20201129201601)
  [1m[35m (0.1ms)[0m  [1m[36mbegin transaction[0m
  [1m[35m (0.8ms)[0m  [1m[35mDROP INDEX "index_users_on_reset_password_token"[0m
  [1m[35m (0.4ms)[0m  [1m[35mDROP INDEX "index_users_on_email"[0m
  [1m[35m (0.0ms)[0m  [1m[35mPRAGMA foreign_keys[0m
  [1m[35m (0.0ms)[0m  [1m[35mPRAGMA defer_foreign_keys[0m
  [1m[35m (1.4ms)[0m  [1m[35mPRAGMA defer_foreign_keys = ON[0m
  [1m[35m (0.1ms)[0m  [1m[35mPRAGMA foreign_keys = OFF[0m
  [1m[35m (0.2ms)[0m  [1m[35mCREATE TEMPORARY TABLE "ausers" ("id" integer NOT NULL PRIMARY KEY, "email" varchar DEFAULT '' NOT NULL, "encrypted_password" varchar DEFAULT '' NOT NULL, "reset_password_token" varchar DEFAULT NULL, "reset_password_sent_at" datetime DEFAULT NULL, "remember_created_at" datetime DEFAULT NULL, "created_at" datetime(6) NOT NULL, "updated_at" datetime(6) NOT NULL)[0m
  [1m[35m (5.2ms)[0m  [1m[32mINSERT INTO "ausers" ("id","email","encrypted_password","reset_password_token","reset_password_sent_at","remember_created_at","created_at","updated_at")
                     SELECT "id","email","encrypted_password","reset_password_token","reset_password_sent_at","remember_created_at","created_at","updated_at" FROM "users"[0m
  [1m[35m (0.6ms)[0m  [1m[35mDROP TABLE "users"[0m
  [1m[35m (0.2ms)[0m  [1m[35mCREATE TABLE "users" ("id" integer NOT NULL PRIMARY KEY, "email" varchar DEFAULT '' NOT NULL, "encrypted_password" varchar DEFAULT '' NOT NULL, "reset_password_token" varchar DEFAULT NULL, "reset_password_sent_at" datetime DEFAULT NULL, "remember_created_at" datetime DEFAULT NULL, "created_at" datetime(6) NOT NULL, "updated_at" datetime(6) NOT NULL)[0m
  [1m[35m (0.1ms)[0m  [1m[32mINSERT INTO "users" ("id","email","encrypted_password","reset_password_token","reset_password_sent_at","remember_created_at","created_at","updated_at")
                     SELECT "id","email","encrypted_password","reset_password_token","reset_password_sent_at","remember_created_at","created_at","updated_at" FROM "ausers"[0m
  [1m[35m (0.2ms)[0m  [1m[35mDROP TABLE "ausers"[0m
  [1m[35m (0.1ms)[0m  [1m[35mPRAGMA defer_foreign_keys = 0[0m
  [1m[35m (0.1ms)[0m  [1m[35mPRAGMA foreign_keys = 1[0m
  [1m[35m (0.1ms)[0m  [1m[35mPRAGMA foreign_keys[0m
  [1m[35m (0.1ms)[0m  [1m[35mPRAGMA defer_foreign_keys[0m
  [1m[35m (0.1ms)[0m  [1m[35mPRAGMA defer_foreign_keys = ON[0m
  [1m[35m (0.1ms)[0m  [1m[35mPRAGMA foreign_keys = OFF[0m
  [1m[35m (0.2ms)[0m  [1m[35mCREATE TEMPORARY TABLE "ausers" ("id" integer NOT NULL PRIMARY KEY, "email" varchar DEFAULT '' NOT NULL, "encrypted_password" varchar DEFAULT '' NOT NULL, "reset_password_token" varchar DEFAULT NULL, "reset_password_sent_at" datetime DEFAULT NULL, "remember_created_at" datetime DEFAULT NULL, "created_at" datetime(6) NOT NULL, "updated_at" datetime(6) NOT NULL)[0m
  [1m[35m (0.1ms)[0m  [1m[32mINSERT INTO "ausers" ("id","email","encrypted_password","reset_password_token","reset_password_sent_at","remember_created_at","created_at","updated_at")
                     SELECT "id","email","encrypted_password","reset_password_token","reset_password_sent_at","remember_created_at","created_at","updated_at" FROM "users"[0m
  [1m[35m (0.1ms)[0m  [1m[35mDROP TABLE "users"[0m
  [1m[35m (0.2ms)[0m  [1m[35mCREATE TABLE "users" ("id" integer NOT NULL PRIMARY KEY, "email" varchar DEFAULT '' NOT NULL, "encrypted_password" varchar DEFAULT '' NOT NULL, "reset_password_token" varchar DEFAULT NULL, "reset_password_sent_at" datetime DEFAULT NULL, "remember_created_at" datetime DEFAULT NULL, "created_at" datetime(6) NOT NULL, "updated_at" datetime(6) NOT NULL)[0m
  [1m[35m (0.1ms)[0m  [1m[32mINSERT INTO "users" ("id","email","encrypted_password","reset_password_token","reset_password_sent_at","remember_created_at","created_at","updated_at")
                     SELECT "id","email","encrypted_password","reset_password_token","reset_password_sent_at","remember_created_at","created_at","updated_at" FROM "ausers"[0m
  [1m[35m (0.1ms)[0m  [1m[35mDROP TABLE "ausers"[0m
  [1m[35m (0.0ms)[0m  [1m[35mPRAGMA defer_foreign_keys = 0[0m
  [1m[35m (0.0ms)[0m  [1m[35mPRAGMA foreign_keys = 1[0m
  [1m[35m (0.1ms)[0m  [1m[35mDROP TABLE "users"[0m
  [1m[36mprimary::SchemaMigration Destroy (0.8ms)[0m  [1m[31mDELETE FROM "schema_migrations" WHERE "schema_migrations"."version" = ?[0m  [["version", "20201129201601"]]
  [1m[35m (1.5ms)[0m  [1m[36mcommit transaction[0m
  [1m[35m (0.1ms)[0m  [1m[34mSELECT sqlite_version(*)[0m
  [1m[35m (0.1ms)[0m  [1m[34mSELECT "schema_migrations"."version" FROM "schema_migrations" ORDER BY "schema_migrations"."version" ASC[0m
  [1m[35m (0.5ms)[0m  [1m[34mSELECT sqlite_version(*)[0m
  [1m[35m (0.2ms)[0m  [1m[34mSELECT "schema_migrations"."version" FROM "schema_migrations" ORDER BY "schema_migrations"."version" ASC[0m
Migrating to DeviseCreateUsers (20201129201601)
  [1m[35m (0.1ms)[0m  [1m[36mbegin transaction[0m
  [1m[35m (0.5ms)[0m  [1m[35mCREATE TABLE "users" ("id" integer PRIMARY KEY AUTOINCREMENT NOT NULL, "email" varchar DEFAULT '' NOT NULL, "encrypted_password" varchar DEFAULT '' NOT NULL, "reset_password_token" varchar, "reset_password_sent_at" datetime, "remember_created_at" datetime, "created_at" datetime(6) NOT NULL, "updated_at" datetime(6) NOT NULL)[0m
  [1m[35m (0.3ms)[0m  [1m[35mALTER TABLE "users" ADD "name" varchar[0m
  [1m[35m (0.4ms)[0m  [1m[35mALTER TABLE "users" ADD "username" varchar[0m
  [1m[35m (0.2ms)[0m  [1m[35mCREATE UNIQUE INDEX "index_users_on_email" ON "users" ("email")[0m
  [1m[35m (0.2ms)[0m  [1m[35mCREATE UNIQUE INDEX "index_users_on_reset_password_token" ON "users" ("reset_password_token")[0m
  [1m[36mprimary::SchemaMigration Create (0.2ms)[0m  [1m[32mINSERT INTO "schema_migrations" ("version") VALUES (?)[0m  [["version", "20201129201601"]]
  [1m[35m (16.5ms)[0m  [1m[36mcommit transaction[0m
  [1m[36mActiveRecord::InternalMetadata Load (0.3ms)[0m  [1m[34mSELECT "ar_internal_metadata".* FROM "ar_internal_metadata" WHERE "ar_internal_metadata"."key" = ? LIMIT ?[0m  [["key", "environment"], ["LIMIT", 1]]
  [1m[35m (0.1ms)[0m  [1m[34mSELECT sqlite_version(*)[0m
  [1m[35m (0.1ms)[0m  [1m[34mSELECT "schema_migrations"."version" FROM "schema_migrations" ORDER BY "schema_migrations"."version" ASC[0m
Started GET "/user/sign_in" for 127.0.0.1 at 2020-11-29 12:32:45 -0800
  [1m[35m (10.2ms)[0m  [1m[34mSELECT sqlite_version(*)[0m
  [1m[35m (0.2ms)[0m  [1m[34mSELECT "schema_migrations"."version" FROM "schema_migrations" ORDER BY "schema_migrations"."version" ASC[0m
  
ActionController::RoutingError (No route matches [GET] "/user/sign_in"):
  
actionpack (6.0.3.4) lib/action_dispatch/middleware/debug_exceptions.rb:36:in `call'
web-console (4.1.0) lib/web_console/middleware.rb:132:in `call_app'
web-console (4.1.0) lib/web_console/middleware.rb:28:in `block in call'
web-console (4.1.0) lib/web_console/middleware.rb:17:in `catch'
web-console (4.1.0) lib/web_console/middleware.rb:17:in `call'
actionpack (6.0.3.4) lib/action_dispatch/middleware/show_exceptions.rb:33:in `call'
railties (6.0.3.4) lib/rails/rack/logger.rb:37:in `call_app'
railties (6.0.3.4) lib/rails/rack/logger.rb:26:in `block in call'
activesupport (6.0.3.4) lib/active_support/tagged_logging.rb:80:in `block in tagged'
activesupport (6.0.3.4) lib/active_support/tagged_logging.rb:28:in `tagged'
activesupport (6.0.3.4) lib/active_support/tagged_logging.rb:80:in `tagged'
railties (6.0.3.4) lib/rails/rack/logger.rb:26:in `call'
sprockets-rails (3.2.2) lib/sprockets/rails/quiet_assets.rb:13:in `call'
actionpack (6.0.3.4) lib/action_dispatch/middleware/remote_ip.rb:81:in `call'
actionpack (6.0.3.4) lib/action_dispatch/middleware/request_id.rb:27:in `call'
rack (2.2.3) lib/rack/method_override.rb:24:in `call'
rack (2.2.3) lib/rack/runtime.rb:22:in `call'
activesupport (6.0.3.4) lib/active_support/cache/strategy/local_cache_middleware.rb:29:in `call'
actionpack (6.0.3.4) lib/action_dispatch/middleware/executor.rb:14:in `call'
actionpack (6.0.3.4) lib/action_dispatch/middleware/static.rb:126:in `call'
rack (2.2.3) lib/rack/sendfile.rb:110:in `call'
actionpack (6.0.3.4) lib/action_dispatch/middleware/host_authorization.rb:82:in `call'
webpacker (4.3.0) lib/webpacker/dev_server_proxy.rb:23:in `perform_request'
rack-proxy (0.6.5) lib/rack/proxy.rb:57:in `call'
railties (6.0.3.4) lib/rails/engine.rb:527:in `call'
puma (4.3.6) lib/puma/configuration.rb:228:in `call'
puma (4.3.6) lib/puma/server.rb:713:in `handle_request'
puma (4.3.6) lib/puma/server.rb:472:in `process_client'
puma (4.3.6) lib/puma/server.rb:328:in `block in run'
puma (4.3.6) lib/puma/thread_pool.rb:134:in `block in spawn_thread'
Started GET "/user/signs_in" for 127.0.0.1 at 2020-11-29 12:33:05 -0800
  
ActionController::RoutingError (No route matches [GET] "/user/signs_in"):
  
actionpack (6.0.3.4) lib/action_dispatch/middleware/debug_exceptions.rb:36:in `call'
web-console (4.1.0) lib/web_console/middleware.rb:132:in `call_app'
web-console (4.1.0) lib/web_console/middleware.rb:28:in `block in call'
web-console (4.1.0) lib/web_console/middleware.rb:17:in `catch'
web-console (4.1.0) lib/web_console/middleware.rb:17:in `call'
actionpack (6.0.3.4) lib/action_dispatch/middleware/show_exceptions.rb:33:in `call'
railties (6.0.3.4) lib/rails/rack/logger.rb:37:in `call_app'
railties (6.0.3.4) lib/rails/rack/logger.rb:26:in `block in call'
activesupport (6.0.3.4) lib/active_support/tagged_logging.rb:80:in `block in tagged'
activesupport (6.0.3.4) lib/active_support/tagged_logging.rb:28:in `tagged'
activesupport (6.0.3.4) lib/active_support/tagged_logging.rb:80:in `tagged'
railties (6.0.3.4) lib/rails/rack/logger.rb:26:in `call'
sprockets-rails (3.2.2) lib/sprockets/rails/quiet_assets.rb:13:in `call'
actionpack (6.0.3.4) lib/action_dispatch/middleware/remote_ip.rb:81:in `call'
actionpack (6.0.3.4) lib/action_dispatch/middleware/request_id.rb:27:in `call'
rack (2.2.3) lib/rack/method_override.rb:24:in `call'
rack (2.2.3) lib/rack/runtime.rb:22:in `call'
activesupport (6.0.3.4) lib/active_support/cache/strategy/local_cache_middleware.rb:29:in `call'
actionpack (6.0.3.4) lib/action_dispatch/middleware/executor.rb:14:in `call'
actionpack (6.0.3.4) lib/action_dispatch/middleware/static.rb:126:in `call'
rack (2.2.3) lib/rack/sendfile.rb:110:in `call'
actionpack (6.0.3.4) lib/action_dispatch/middleware/host_authorization.rb:82:in `call'
webpacker (4.3.0) lib/webpacker/dev_server_proxy.rb:23:in `perform_request'
rack-proxy (0.6.5) lib/rack/proxy.rb:57:in `call'
railties (6.0.3.4) lib/rails/engine.rb:527:in `call'
puma (4.3.6) lib/puma/configuration.rb:228:in `call'
puma (4.3.6) lib/puma/server.rb:713:in `handle_request'
puma (4.3.6) lib/puma/server.rb:472:in `process_client'
puma (4.3.6) lib/puma/server.rb:328:in `block in run'
puma (4.3.6) lib/puma/thread_pool.rb:134:in `block in spawn_thread'
Started GET "/users/sign_in" for 127.0.0.1 at 2020-11-29 12:33:24 -0800
Processing by Devise::SessionsController#new as HTML
  Rendering devise/sessions/new.html.erb within layouts/application
  Rendered devise/shared/_links.html.erb (Duration: 11.8ms | Allocations: 587)
  Rendered devise/sessions/new.html.erb within layouts/application (Duration: 736.2ms | Allocations: 7318)
[Webpacker] Compiling...
[Webpacker] Compiled all packs in /Users/mac/Desktop/twitter_redesign/public/packs
[Webpacker] Hash: b44752968732ad4a755a
Version: webpack 4.44.2
Time: 8372ms
Built at: 11/29/2020 12:33:49 PM
                                     Asset       Size       Chunks                         Chunk Names
    js/application-359d828fdf771315918b.js    433 KiB  application  [emitted] [immutable]  application
js/application-359d828fdf771315918b.js.map    506 KiB  application  [emitted] [dev]        application
                             manifest.json  364 bytes               [emitted]              
Entrypoint application = js/application-359d828fdf771315918b.js js/application-359d828fdf771315918b.js.map
[./app/javascript/channels sync recursive _channel\.js$] ./app/javascript/channels sync _channel\.js$ 160 bytes {application} [built]
[./app/javascript/channels/index.js] 211 bytes {application} [built]
[./app/javascript/packs/application.js] 749 bytes {application} [built]
[./node_modules/webpack/buildin/module.js] (webpack)/buildin/module.js 552 bytes {application} [built]
    + 4 hidden modules

Completed 200 OK in 26947ms (Views: 26908.8ms | ActiveRecord: 0.9ms | Allocations: 92219)


Started GET "/users/sign_up" for 127.0.0.1 at 2020-11-29 12:34:08 -0800
Processing by Devise::RegistrationsController#new as HTML
  Rendering devise/registrations/new.html.erb within layouts/application
  Rendered devise/shared/_error_messages.html.erb (Duration: 0.8ms | Allocations: 194)
  Rendered devise/shared/_links.html.erb (Duration: 0.3ms | Allocations: 119)
  Rendered devise/registrations/new.html.erb within layouts/application (Duration: 29.7ms | Allocations: 1786)
[Webpacker] Everything's up-to-date. Nothing to do
Completed 200 OK in 51ms (Views: 48.7ms | ActiveRecord: 0.0ms | Allocations: 10305)


Started GET "/users/sign_up" for 127.0.0.1 at 2020-11-29 12:36:44 -0800
Processing by Devise::RegistrationsController#new as HTML
  Rendering devise/registrations/new.html.erb within layouts/application
  Rendered devise/shared/_error_messages.html.erb (Duration: 0.5ms | Allocations: 187)
  Rendered devise/shared/_links.html.erb (Duration: 18.0ms | Allocations: 457)
  Rendered devise/registrations/new.html.erb within layouts/application (Duration: 23.0ms | Allocations: 2715)
[Webpacker] Everything's up-to-date. Nothing to do
Completed 200 OK in 54ms (Views: 52.8ms | ActiveRecord: 0.0ms | Allocations: 12044)


Started GET "/users/sign_in" for 127.0.0.1 at 2020-11-29 12:37:07 -0800
Processing by Devise::SessionsController#new as HTML
  Rendering devise/sessions/new.html.erb within layouts/application
  Rendered devise/shared/_links.html.erb (Duration: 0.3ms | Allocations: 131)
  Rendered devise/sessions/new.html.erb within layouts/application (Duration: 37.8ms | Allocations: 1321)
[Webpacker] Everything's up-to-date. Nothing to do
Completed 200 OK in 57ms (Views: 55.5ms | ActiveRecord: 0.0ms | Allocations: 9863)


  [1m[35m (0.9ms)[0m  [1m[34mSELECT sqlite_version(*)[0m
  [1m[35m (0.2ms)[0m  [1m[34mSELECT "schema_migrations"."version" FROM "schema_migrations" ORDER BY "schema_migrations"."version" ASC[0m
Migrating to CreateTweets (20201129203758)
  [1m[35m (0.1ms)[0m  [1m[36mbegin transaction[0m
  [1m[35m (0.8ms)[0m  [1m[35mCREATE TABLE "tweets" ("id" integer PRIMARY KEY AUTOINCREMENT NOT NULL, "user_id" integer, "body" varchar, "created_at" datetime(6) NOT NULL, "updated_at" datetime(6) NOT NULL)[0m
  [1m[35m (0.2ms)[0m  [1m[35mCREATE  INDEX "index_tweets_on_user_id" ON "tweets" ("user_id")[0m
  [1m[36mprimary::SchemaMigration Create (0.2ms)[0m  [1m[32mINSERT INTO "schema_migrations" ("version") VALUES (?)[0m  [["version", "20201129203758"]]
  [1m[35m (1.2ms)[0m  [1m[36mcommit transaction[0m
  [1m[36mActiveRecord::InternalMetadata Load (0.2ms)[0m  [1m[34mSELECT "ar_internal_metadata".* FROM "ar_internal_metadata" WHERE "ar_internal_metadata"."key" = ? LIMIT ?[0m  [["key", "environment"], ["LIMIT", 1]]
  [1m[35m (0.1ms)[0m  [1m[34mSELECT sqlite_version(*)[0m
  [1m[35m (0.1ms)[0m  [1m[34mSELECT "schema_migrations"."version" FROM "schema_migrations" ORDER BY "schema_migrations"."version" ASC[0m
Started GET "/" for 127.0.0.1 at 2020-11-29 12:59:39 -0800
  [1m[35m (21.8ms)[0m  [1m[34mSELECT sqlite_version(*)[0m
  [1m[35m (0.4ms)[0m  [1m[34mSELECT "schema_migrations"."version" FROM "schema_migrations" ORDER BY "schema_migrations"."version" ASC[0m
Processing by TweetsController#index as HTML
Completed 401 Unauthorized in 77ms (ActiveRecord: 0.0ms | Allocations: 1243)


Started GET "/users/sign_in" for 127.0.0.1 at 2020-11-29 12:59:40 -0800
Processing by Devise::SessionsController#new as HTML
  Rendering devise/sessions/new.html.erb within layouts/application
  Rendered devise/shared/_links.html.erb (Duration: 17.0ms | Allocations: 595)
  Rendered devise/sessions/new.html.erb within layouts/application (Duration: 95.6ms | Allocations: 2851)
[Webpacker] Everything's up-to-date. Nothing to do
Completed 200 OK in 2287ms (Views: 2250.4ms | ActiveRecord: 0.9ms | Allocations: 86023)


Started GET "/users/sign_up" for 127.0.0.1 at 2020-11-29 12:59:48 -0800
Processing by Devise::RegistrationsController#new as HTML
  Rendering devise/registrations/new.html.erb within layouts/application
  Rendered devise/shared/_error_messages.html.erb (Duration: 0.5ms | Allocations: 195)
  Rendered devise/shared/_links.html.erb (Duration: 0.3ms | Allocations: 118)
  Rendered devise/registrations/new.html.erb within layouts/application (Duration: 35.1ms | Allocations: 2319)
[Webpacker] Everything's up-to-date. Nothing to do
Completed 200 OK in 53ms (Views: 50.9ms | ActiveRecord: 0.0ms | Allocations: 10985)


Started GET "/users/sign_up" for 127.0.0.1 at 2020-11-29 12:59:50 -0800
Processing by Devise::RegistrationsController#new as HTML
  Rendering devise/registrations/new.html.erb within layouts/application
  Rendered devise/shared/_error_messages.html.erb (Duration: 0.0ms | Allocations: 15)
  Rendered devise/shared/_links.html.erb (Duration: 0.3ms | Allocations: 79)
  Rendered devise/registrations/new.html.erb within layouts/application (Duration: 3.2ms | Allocations: 1427)
[Webpacker] Everything's up-to-date. Nothing to do
Completed 200 OK in 20ms (Views: 18.5ms | ActiveRecord: 0.0ms | Allocations: 9367)


Started GET "/users/sign_in" for 127.0.0.1 at 2020-11-29 12:59:51 -0800
Processing by Devise::SessionsController#new as HTML
  Rendering devise/sessions/new.html.erb within layouts/application
  Rendered devise/shared/_links.html.erb (Duration: 3.7ms | Allocations: 131)
  Rendered devise/sessions/new.html.erb within layouts/application (Duration: 6.4ms | Allocations: 1041)
[Webpacker] Everything's up-to-date. Nothing to do
Completed 200 OK in 27ms (Views: 25.3ms | ActiveRecord: 0.0ms | Allocations: 9072)


Started GET "/users/sign_up" for 127.0.0.1 at 2020-11-29 12:59:53 -0800
Processing by Devise::RegistrationsController#new as HTML
  Rendering devise/registrations/new.html.erb within layouts/application
  Rendered devise/shared/_error_messages.html.erb (Duration: 0.6ms | Allocations: 15)
  Rendered devise/shared/_links.html.erb (Duration: 0.3ms | Allocations: 79)
  Rendered devise/registrations/new.html.erb within layouts/application (Duration: 11.8ms | Allocations: 1422)
[Webpacker] Everything's up-to-date. Nothing to do
Completed 200 OK in 46ms (Views: 44.9ms | ActiveRecord: 0.0ms | Allocations: 9368)


Started GET "/users/sign_in" for 127.0.0.1 at 2020-11-29 12:59:57 -0800
Processing by Devise::SessionsController#new as HTML
  Rendering devise/sessions/new.html.erb within layouts/application
  Rendered devise/shared/_links.html.erb (Duration: 0.4ms | Allocations: 131)
  Rendered devise/sessions/new.html.erb within layouts/application (Duration: 3.5ms | Allocations: 1032)
[Webpacker] Everything's up-to-date. Nothing to do
Completed 200 OK in 30ms (Views: 28.8ms | ActiveRecord: 0.0ms | Allocations: 9148)


Started GET "/users/sign_up" for 127.0.0.1 at 2020-11-29 13:00:00 -0800
Processing by Devise::RegistrationsController#new as HTML
  Rendering devise/registrations/new.html.erb within layouts/application
  Rendered devise/shared/_error_messages.html.erb (Duration: 0.1ms | Allocations: 15)
  Rendered devise/shared/_links.html.erb (Duration: 0.2ms | Allocations: 79)
  Rendered devise/registrations/new.html.erb within layouts/application (Duration: 4.0ms | Allocations: 1422)
[Webpacker] Everything's up-to-date. Nothing to do
Completed 200 OK in 51ms (Views: 49.1ms | ActiveRecord: 0.0ms | Allocations: 9368)


Started POST "/users" for 127.0.0.1 at 2020-11-29 13:00:18 -0800
Processing by Devise::RegistrationsController#create as HTML
  Parameters: {"authenticity_token"=>"wurPYlfvV9Hpz7xnU2u1qaKvky5tT5uJvDzm/EhJOUsL6ViRLpkU8uLigc1P/hmu8O7oAsjQ/riSJHNG4978kg==", "user"=>{"name"=>"Bbosa Muhamood", "username"=>"bbosa2009@gmail.com", "email"=>"bbosa2009@gmail.com", "password"=>"[FILTERED]", "password_confirmation"=>"[FILTERED]"}, "commit"=>"Sign up"}
[31mUnpermitted parameters: :name, :username[0m
  [1m[35m (0.1ms)[0m  [1m[36mbegin transaction[0m
  [1m[36mUser Exists? (0.3ms)[0m  [1m[34mSELECT 1 AS one FROM "users" WHERE "users"."email" = ? LIMIT ?[0m  [["email", "bbosa2009@gmail.com"], ["LIMIT", 1]]
  [1m[36mUser Create (0.7ms)[0m  [1m[32mINSERT INTO "users" ("email", "encrypted_password", "created_at", "updated_at") VALUES (?, ?, ?, ?)[0m  [["email", "bbosa2009@gmail.com"], ["encrypted_password", "$2a$12$f/vYo0YLSPaYvO9yPBji2ebx.pUKch75az.iZgAl5zoesG0X1bu4."], ["created_at", "2020-11-29 21:00:20.636463"], ["updated_at", "2020-11-29 21:00:20.636463"]]
  [1m[35m (25.1ms)[0m  [1m[36mcommit transaction[0m
Redirected to http://127.0.0.1:3000/
Completed 302 Found in 2475ms (ActiveRecord: 26.2ms | Allocations: 10321)


Started GET "/" for 127.0.0.1 at 2020-11-29 13:00:20 -0800
Processing by TweetsController#index as HTML
  [1m[36mUser Load (0.2ms)[0m  [1m[34mSELECT "users".* FROM "users" WHERE "users"."id" = ? ORDER BY "users"."id" ASC LIMIT ?[0m  [["id", 1], ["LIMIT", 1]]
  Rendering tweets/index.html.erb within layouts/application
  Rendered tweets/index.html.erb within layouts/application (Duration: 38.6ms | Allocations: 1179)
Completed 500 Internal Server Error in 440ms (ActiveRecord: 0.2ms | Allocations: 7189)


  
ActionView::SyntaxErrorInTemplate (Encountered a syntax error while rendering template: check <div>
  <% @tweets.each do |tweet| %>
    <tr>
      <h1><td>@<%= tweet.user.username %></td></h1>
      <h1><td><%= tweet.user.email %></td></h1>
      <h2><td><%= tweet.body %></td></h2>
        <% if current_user == tweet.user %>
        <%= link_to "Delete", tweet_path(tweet.id), :confirm => "Are you sure?", :method => :delete %>
      	<% end %>
      <h3><td><%= tweet.created_at %></td></h3>
      <h3><td><% @tweets.reverse.each do |tweet| %></td></h3>
    </tr>
  <% end %>
</div>
 
<%= link_to 'New Tweet', new_tweet_path(@user) %>

):
1:    <div>
2:      <% @tweets.each do |tweet| %>
3:        <tr>
4:          <h1><td>@<%= tweet.user.username %></td></h1>
5:          <h1><td><%= tweet.user.email %></td></h1>
6:          <h2><td><%= tweet.body %></td></h2>
7:            <% if current_user == tweet.user %>
8:            <%= link_to "Delete", tweet_path(tweet.id), :confirm => "Are you sure?", :method => :delete %>
9:          	<% end %>
10:          <h3><td><%= tweet.created_at %></td></h3>
11:          <h3><td><% @tweets.reverse.each do |tweet| %></td></h3>
12:        </tr>
13:      <% end %>
14:    </div>
15:     
16:    <%= link_to 'New Tweet', new_tweet_path(@user) %>
  
app/views/tweets/index.html.erb:19: syntax error, unexpected end-of-input, expecting `end'
app/views/tweets/index.html.erb:19: syntax error, unexpected end-of-input, expecting `end'
app/views/tweets/index.html.erb:19: syntax error, unexpected end-of-input, expecting `end'
app/views/tweets/index.html.erb:19: syntax error, unexpected end-of-input, expecting `end'
app/views/tweets/index.html.erb:19: syntax error, unexpected end-of-input, expecting `end'
app/views/tweets/index.html.erb:19: syntax error, unexpected end-of-input, expecting `end'
Started GET "/" for 127.0.0.1 at 2020-11-29 13:01:00 -0800
Processing by TweetsController#index as HTML
  [1m[36mUser Load (0.2ms)[0m  [1m[34mSELECT "users".* FROM "users" WHERE "users"."id" = ? ORDER BY "users"."id" ASC LIMIT ?[0m  [["id", 1], ["LIMIT", 1]]
  Rendering tweets/index.html.erb within layouts/application
  [1m[36mTweet Load (45.7ms)[0m  [1m[34mSELECT "tweets".* FROM "tweets"[0m
  ↳ app/views/tweets/index.html.erb:2
  Rendered tweets/index.html.erb within layouts/application (Duration: 48.4ms | Allocations: 1132)
[Webpacker] Everything's up-to-date. Nothing to do
Completed 200 OK in 337ms (Views: 286.6ms | ActiveRecord: 46.3ms | Allocations: 11659)


Started GET "/users/edit" for 127.0.0.1 at 2020-11-29 13:01:06 -0800
Processing by Devise::RegistrationsController#edit as HTML
  [1m[36mUser Load (0.2ms)[0m  [1m[34mSELECT "users".* FROM "users" WHERE "users"."id" = ? ORDER BY "users"."id" ASC LIMIT ?[0m  [["id", 1], ["LIMIT", 1]]
  Rendering devise/registrations/edit.html.erb within layouts/application
  Rendered devise/shared/_error_messages.html.erb (Duration: 0.8ms | Allocations: 188)
  Rendered devise/registrations/edit.html.erb within layouts/application (Duration: 86.4ms | Allocations: 2168)
[Webpacker] Everything's up-to-date. Nothing to do
Completed 200 OK in 104ms (Views: 101.5ms | ActiveRecord: 0.2ms | Allocations: 12411)


Started GET "/tweets" for 127.0.0.1 at 2020-11-29 13:01:22 -0800
Processing by TweetsController#index as HTML
  [1m[36mUser Load (0.2ms)[0m  [1m[34mSELECT "users".* FROM "users" WHERE "users"."id" = ? ORDER BY "users"."id" ASC LIMIT ?[0m  [["id", 1], ["LIMIT", 1]]
  Rendering tweets/index.html.erb within layouts/application
  [1m[36mTweet Load (0.1ms)[0m  [1m[34mSELECT "tweets".* FROM "tweets"[0m
  ↳ app/views/tweets/index.html.erb:2
  Rendered tweets/index.html.erb within layouts/application (Duration: 1.4ms | Allocations: 647)
[Webpacker] Everything's up-to-date. Nothing to do
Completed 200 OK in 21ms (Views: 17.5ms | ActiveRecord: 0.3ms | Allocations: 9801)


Started DELETE "/users/sign_out" for 127.0.0.1 at 2020-11-29 13:02:19 -0800
Processing by Devise::SessionsController#destroy as HTML
  Parameters: {"authenticity_token"=>"j/yJD5LhjhxklF/Pq+Tc4xsQXWZAmfyItc3mIuvi4LXTx9z1e1V965uHO3muwXy/8mj9IiBDB5zUHnRfunHIwg=="}
  [1m[36mUser Load (0.1ms)[0m  [1m[34mSELECT "users".* FROM "users" WHERE "users"."id" = ? ORDER BY "users"."id" ASC LIMIT ?[0m  [["id", 1], ["LIMIT", 1]]
Redirected to http://127.0.0.1:3000/
Completed 302 Found in 84ms (ActiveRecord: 0.1ms | Allocations: 4872)


Started GET "/" for 127.0.0.1 at 2020-11-29 13:02:19 -0800
Processing by TweetsController#index as HTML
Completed 401 Unauthorized in 1ms (ActiveRecord: 0.0ms | Allocations: 395)


Started GET "/users/sign_in" for 127.0.0.1 at 2020-11-29 13:02:19 -0800
Processing by Devise::SessionsController#new as HTML
  Rendering devise/sessions/new.html.erb within layouts/application
  Rendered devise/shared/_links.html.erb (Duration: 1.5ms | Allocations: 511)
  Rendered devise/sessions/new.html.erb within layouts/application (Duration: 17.5ms | Allocations: 1844)
[Webpacker] Everything's up-to-date. Nothing to do
Completed 200 OK in 37ms (Views: 36.0ms | ActiveRecord: 0.0ms | Allocations: 10529)


Started POST "/users/sign_in" for 127.0.0.1 at 2020-11-29 13:02:24 -0800
Processing by Devise::SessionsController#create as HTML
  Parameters: {"authenticity_token"=>"eO+KZ/M2UcmZeS8WUDzbd5dCHyeuR7Ok7LXBIK2TNw1/rMan89qANsieXW28NCor2UQ2SzeB9RxjV9odW1HHvg==", "user"=>{"email"=>"bbosa2009@gmail.com", "password"=>"[FILTERED]", "remember_me"=>"0"}, "commit"=>"Log in"}
  [1m[36mUser Load (0.3ms)[0m  [1m[34mSELECT "users".* FROM "users" WHERE "users"."email" = ? ORDER BY "users"."id" ASC LIMIT ?[0m  [["email", "bbosa2009@gmail.com"], ["LIMIT", 1]]
Redirected to http://127.0.0.1:3000/
Completed 302 Found in 294ms (ActiveRecord: 0.3ms | Allocations: 4007)


Started GET "/" for 127.0.0.1 at 2020-11-29 13:02:25 -0800
Processing by TweetsController#index as HTML
  [1m[36mUser Load (0.1ms)[0m  [1m[34mSELECT "users".* FROM "users" WHERE "users"."id" = ? ORDER BY "users"."id" ASC LIMIT ?[0m  [["id", 1], ["LIMIT", 1]]
  Rendering tweets/index.html.erb within layouts/application
  [1m[36mTweet Load (0.1ms)[0m  [1m[34mSELECT "tweets".* FROM "tweets"[0m
  ↳ app/views/tweets/index.html.erb:2
  Rendered tweets/index.html.erb within layouts/application (Duration: 1.2ms | Allocations: 647)
[Webpacker] Everything's up-to-date. Nothing to do
Completed 200 OK in 19ms (Views: 15.7ms | ActiveRecord: 0.2ms | Allocations: 9801)


Started GET "/tweet/new" for 127.0.0.1 at 2020-11-29 13:02:37 -0800
  
ActionController::RoutingError (No route matches [GET] "/tweet/new"):
  
actionpack (6.0.3.4) lib/action_dispatch/middleware/debug_exceptions.rb:36:in `call'
web-console (4.1.0) lib/web_console/middleware.rb:132:in `call_app'
web-console (4.1.0) lib/web_console/middleware.rb:28:in `block in call'
web-console (4.1.0) lib/web_console/middleware.rb:17:in `catch'
web-console (4.1.0) lib/web_console/middleware.rb:17:in `call'
actionpack (6.0.3.4) lib/action_dispatch/middleware/show_exceptions.rb:33:in `call'
railties (6.0.3.4) lib/rails/rack/logger.rb:37:in `call_app'
railties (6.0.3.4) lib/rails/rack/logger.rb:26:in `block in call'
activesupport (6.0.3.4) lib/active_support/tagged_logging.rb:80:in `block in tagged'
activesupport (6.0.3.4) lib/active_support/tagged_logging.rb:28:in `tagged'
activesupport (6.0.3.4) lib/active_support/tagged_logging.rb:80:in `tagged'
railties (6.0.3.4) lib/rails/rack/logger.rb:26:in `call'
sprockets-rails (3.2.2) lib/sprockets/rails/quiet_assets.rb:13:in `call'
actionpack (6.0.3.4) lib/action_dispatch/middleware/remote_ip.rb:81:in `call'
actionpack (6.0.3.4) lib/action_dispatch/middleware/request_id.rb:27:in `call'
rack (2.2.3) lib/rack/method_override.rb:24:in `call'
rack (2.2.3) lib/rack/runtime.rb:22:in `call'
activesupport (6.0.3.4) lib/active_support/cache/strategy/local_cache_middleware.rb:29:in `call'
actionpack (6.0.3.4) lib/action_dispatch/middleware/executor.rb:14:in `call'
actionpack (6.0.3.4) lib/action_dispatch/middleware/static.rb:126:in `call'
rack (2.2.3) lib/rack/sendfile.rb:110:in `call'
actionpack (6.0.3.4) lib/action_dispatch/middleware/host_authorization.rb:82:in `call'
webpacker (4.3.0) lib/webpacker/dev_server_proxy.rb:23:in `perform_request'
rack-proxy (0.6.5) lib/rack/proxy.rb:57:in `call'
railties (6.0.3.4) lib/rails/engine.rb:527:in `call'
puma (4.3.6) lib/puma/configuration.rb:228:in `call'
puma (4.3.6) lib/puma/server.rb:713:in `handle_request'
puma (4.3.6) lib/puma/server.rb:472:in `process_client'
puma (4.3.6) lib/puma/server.rb:328:in `block in run'
puma (4.3.6) lib/puma/thread_pool.rb:134:in `block in spawn_thread'
Started GET "/tweets" for 127.0.0.1 at 2020-11-29 13:02:49 -0800
Processing by TweetsController#index as HTML
  [1m[36mUser Load (0.1ms)[0m  [1m[34mSELECT "users".* FROM "users" WHERE "users"."id" = ? ORDER BY "users"."id" ASC LIMIT ?[0m  [["id", 1], ["LIMIT", 1]]
  Rendering tweets/index.html.erb within layouts/application
  [1m[36mTweet Load (0.2ms)[0m  [1m[34mSELECT "tweets".* FROM "tweets"[0m
  ↳ app/views/tweets/index.html.erb:2
  Rendered tweets/index.html.erb within layouts/application (Duration: 1.2ms | Allocations: 644)
[Webpacker] Everything's up-to-date. Nothing to do
Completed 200 OK in 17ms (Views: 14.1ms | ActiveRecord: 0.3ms | Allocations: 9877)


Started GET "/tweets/new" for 127.0.0.1 at 2020-11-29 13:02:54 -0800
Processing by TweetsController#new as HTML
  [1m[36mUser Load (0.2ms)[0m  [1m[34mSELECT "users".* FROM "users" WHERE "users"."id" = ? ORDER BY "users"."id" ASC LIMIT ?[0m  [["id", 1], ["LIMIT", 1]]
  Rendering tweets/new.html.erb within layouts/application
  Rendered tweets/_form.html.erb (Duration: 9.2ms | Allocations: 907)
  Rendered tweets/new.html.erb within layouts/application (Duration: 51.7ms | Allocations: 1234)
[Webpacker] Everything's up-to-date. Nothing to do
Completed 200 OK in 104ms (Views: 92.7ms | ActiveRecord: 0.6ms | Allocations: 12946)


Started POST "/tweets" for 127.0.0.1 at 2020-11-29 13:03:06 -0800
Processing by TweetsController#create as HTML
  Parameters: {"authenticity_token"=>"byWFaQfMCTEsnJqP9znSmhJerZm4IfHuzSv4bHqytNVAa1AGCksthnV0BhyGxIfEmUgx5DPOmonnFbZKZfOE8g==", "tweet"=>{"body"=>"This is my new tweet"}, "commit"=>"Create Tweet"}
  [1m[36mUser Load (0.1ms)[0m  [1m[34mSELECT "users".* FROM "users" WHERE "users"."id" = ? ORDER BY "users"."id" ASC LIMIT ?[0m  [["id", 1], ["LIMIT", 1]]
  [1m[35m (0.1ms)[0m  [1m[36mbegin transaction[0m
  ↳ app/controllers/tweets_controller.rb:14:in `create'
  [1m[36mUser Load (0.3ms)[0m  [1m[34mSELECT "users".* FROM "users" WHERE "users"."id" = ? LIMIT ?[0m  [["id", 1], ["LIMIT", 1]]
  ↳ app/controllers/tweets_controller.rb:14:in `create'
  [1m[36mTweet Create (8.8ms)[0m  [1m[32mINSERT INTO "tweets" ("user_id", "body", "created_at", "updated_at") VALUES (?, ?, ?, ?)[0m  [["user_id", 1], ["body", "This is my new tweet"], ["created_at", "2020-11-29 21:03:07.138177"], ["updated_at", "2020-11-29 21:03:07.138177"]]
  ↳ app/controllers/tweets_controller.rb:14:in `create'
  [1m[35m (1.4ms)[0m  [1m[36mcommit transaction[0m
  ↳ app/controllers/tweets_controller.rb:14:in `create'
Redirected to http://127.0.0.1:3000/tweets#index
Completed 302 Found in 198ms (ActiveRecord: 10.7ms | Allocations: 10572)


Started GET "/tweets" for 127.0.0.1 at 2020-11-29 13:03:07 -0800
Processing by TweetsController#index as HTML
  [1m[36mUser Load (0.2ms)[0m  [1m[34mSELECT "users".* FROM "users" WHERE "users"."id" = ? ORDER BY "users"."id" ASC LIMIT ?[0m  [["id", 1], ["LIMIT", 1]]
  Rendering tweets/index.html.erb within layouts/application
  [1m[36mTweet Load (0.1ms)[0m  [1m[34mSELECT "tweets".* FROM "tweets"[0m
  ↳ app/views/tweets/index.html.erb:2
  [1m[36mUser Load (0.1ms)[0m  [1m[34mSELECT "users".* FROM "users" WHERE "users"."id" = ? LIMIT ?[0m  [["id", 1], ["LIMIT", 1]]
  ↳ app/views/tweets/index.html.erb:4
  Rendered tweets/index.html.erb within layouts/application (Duration: 2.8ms | Allocations: 1419)
[Webpacker] Everything's up-to-date. Nothing to do
Completed 200 OK in 26ms (Views: 21.3ms | ActiveRecord: 0.5ms | Allocations: 10555)


Started GET "/tweets" for 127.0.0.1 at 2020-11-29 13:03:47 -0800
Processing by TweetsController#index as HTML
  [1m[36mUser Load (0.1ms)[0m  [1m[34mSELECT "users".* FROM "users" WHERE "users"."id" = ? ORDER BY "users"."id" ASC LIMIT ?[0m  [["id", 1], ["LIMIT", 1]]
  Rendering tweets/index.html.erb within layouts/application
  [1m[36mTweet Load (0.1ms)[0m  [1m[34mSELECT "tweets".* FROM "tweets"[0m
  ↳ app/views/tweets/index.html.erb:2
  [1m[36mUser Load (0.1ms)[0m  [1m[34mSELECT "users".* FROM "users" WHERE "users"."id" = ? LIMIT ?[0m  [["id", 1], ["LIMIT", 1]]
  ↳ app/views/tweets/index.html.erb:4
  Rendered tweets/index.html.erb within layouts/application (Duration: 3.4ms | Allocations: 1585)
[Webpacker] Everything's up-to-date. Nothing to do
Completed 200 OK in 22ms (Views: 18.5ms | ActiveRecord: 0.4ms | Allocations: 11900)


Started GET "/tweets" for 127.0.0.1 at 2020-11-29 13:06:19 -0800
Processing by TweetsController#index as HTML
  [1m[36mUser Load (0.2ms)[0m  [1m[34mSELECT "users".* FROM "users" WHERE "users"."id" = ? ORDER BY "users"."id" ASC LIMIT ?[0m  [["id", 1], ["LIMIT", 1]]
  Rendering tweets/index.html.erb within layouts/application
  [1m[36mTweet Load (0.2ms)[0m  [1m[34mSELECT "tweets".* FROM "tweets"[0m
  ↳ app/views/tweets/index.html.erb:2
  [1m[36mUser Load (0.2ms)[0m  [1m[34mSELECT "users".* FROM "users" WHERE "users"."id" = ? LIMIT ?[0m  [["id", 1], ["LIMIT", 1]]
  ↳ app/views/tweets/index.html.erb:4
  Rendered tweets/index.html.erb within layouts/application (Duration: 4.3ms | Allocations: 1598)
[Webpacker] Everything's up-to-date. Nothing to do
Completed 200 OK in 24ms (Views: 20.0ms | ActiveRecord: 0.5ms | Allocations: 11895)


Started GET "/tweets" for 127.0.0.1 at 2020-11-29 13:06:38 -0800
Processing by TweetsController#index as HTML
  [1m[36mUser Load (0.1ms)[0m  [1m[34mSELECT "users".* FROM "users" WHERE "users"."id" = ? ORDER BY "users"."id" ASC LIMIT ?[0m  [["id", 1], ["LIMIT", 1]]
  Rendering tweets/index.html.erb within layouts/application
  [1m[36mTweet Load (0.1ms)[0m  [1m[34mSELECT "tweets".* FROM "tweets"[0m
  ↳ app/views/tweets/index.html.erb:2
  [1m[36mUser Load (0.1ms)[0m  [1m[34mSELECT "users".* FROM "users" WHERE "users"."id" = ? LIMIT ?[0m  [["id", 1], ["LIMIT", 1]]
  ↳ app/views/tweets/index.html.erb:4
  Rendered tweets/index.html.erb within layouts/application (Duration: 7.4ms | Allocations: 1598)
[Webpacker] Everything's up-to-date. Nothing to do
Completed 200 OK in 28ms (Views: 23.3ms | ActiveRecord: 0.4ms | Allocations: 12012)


Started GET "/tweets" for 127.0.0.1 at 2020-11-29 13:13:10 -0800
  [1m[35m (1.1ms)[0m  [1m[34mSELECT sqlite_version(*)[0m
  [1m[35m (0.4ms)[0m  [1m[34mSELECT "schema_migrations"."version" FROM "schema_migrations" ORDER BY "schema_migrations"."version" ASC[0m
Processing by TweetsController#index as HTML
  [1m[36mUser Load (20.0ms)[0m  [1m[34mSELECT "users".* FROM "users" WHERE "users"."id" = ? ORDER BY "users"."id" ASC LIMIT ?[0m  [["id", 1], ["LIMIT", 1]]
  Rendering tweets/index.html.erb within layouts/application
  [1m[36mTweet Load (5.5ms)[0m  [1m[34mSELECT "tweets".* FROM "tweets"[0m
  ↳ app/views/tweets/index.html.erb:2
  [1m[36mUser Load (0.3ms)[0m  [1m[34mSELECT "users".* FROM "users" WHERE "users"."id" = ? LIMIT ?[0m  [["id", 1], ["LIMIT", 1]]
  ↳ app/views/tweets/index.html.erb:4
  Rendered tweets/index.html.erb within layouts/application (Duration: 41.7ms | Allocations: 6235)
[Webpacker] Everything's up-to-date. Nothing to do
Completed 200 OK in 6076ms (Views: 5827.5ms | ActiveRecord: 27.8ms | Allocations: 105124)


Started GET "/tweets" for 127.0.0.1 at 2020-11-29 13:13:31 -0800
Processing by TweetsController#index as HTML
  [1m[36mUser Load (0.2ms)[0m  [1m[34mSELECT "users".* FROM "users" WHERE "users"."id" = ? ORDER BY "users"."id" ASC LIMIT ?[0m  [["id", 1], ["LIMIT", 1]]
  Rendering tweets/index.html.erb within layouts/application
  [1m[36mTweet Load (0.1ms)[0m  [1m[34mSELECT "tweets".* FROM "tweets"[0m
  ↳ app/views/tweets/index.html.erb:2
  [1m[36mUser Load (0.1ms)[0m  [1m[34mSELECT "users".* FROM "users" WHERE "users"."id" = ? LIMIT ?[0m  [["id", 1], ["LIMIT", 1]]
  ↳ app/views/tweets/index.html.erb:4
  Rendered tweets/index.html.erb within layouts/application (Duration: 3.0ms | Allocations: 1409)
[Webpacker] Everything's up-to-date. Nothing to do
Completed 200 OK in 2331ms (Views: 2325.9ms | ActiveRecord: 0.4ms | Allocations: 65194)


Started GET "/tweets/new" for 127.0.0.1 at 2020-11-29 13:13:37 -0800
Processing by TweetsController#new as HTML
  [1m[36mUser Load (0.2ms)[0m  [1m[34mSELECT "users".* FROM "users" WHERE "users"."id" = ? ORDER BY "users"."id" ASC LIMIT ?[0m  [["id", 1], ["LIMIT", 1]]
  Rendering tweets/new.html.erb within layouts/application
  Rendered tweets/_form.html.erb (Duration: 319.5ms | Allocations: 2919)
  Rendered tweets/new.html.erb within layouts/application (Duration: 344.1ms | Allocations: 3258)
[Webpacker] Everything's up-to-date. Nothing to do
Completed 200 OK in 367ms (Views: 362.8ms | ActiveRecord: 0.2ms | Allocations: 12620)


Started GET "/tweets" for 127.0.0.1 at 2020-11-29 13:13:39 -0800
Processing by TweetsController#index as HTML
  [1m[36mUser Load (0.2ms)[0m  [1m[34mSELECT "users".* FROM "users" WHERE "users"."id" = ? ORDER BY "users"."id" ASC LIMIT ?[0m  [["id", 1], ["LIMIT", 1]]
  Rendering tweets/index.html.erb within layouts/application
  [1m[36mTweet Load (0.2ms)[0m  [1m[34mSELECT "tweets".* FROM "tweets"[0m
  ↳ app/views/tweets/index.html.erb:2
  [1m[36mUser Load (0.1ms)[0m  [1m[34mSELECT "users".* FROM "users" WHERE "users"."id" = ? LIMIT ?[0m  [["id", 1], ["LIMIT", 1]]
  ↳ app/views/tweets/index.html.erb:4
  Rendered tweets/index.html.erb within layouts/application (Duration: 3.5ms | Allocations: 1409)
[Webpacker] Everything's up-to-date. Nothing to do
Completed 200 OK in 29ms (Views: 25.4ms | ActiveRecord: 0.5ms | Allocations: 10593)


Started GET "/tweets" for 127.0.0.1 at 2020-11-29 13:14:40 -0800
Processing by TweetsController#index as HTML
  [1m[36mUser Load (0.1ms)[0m  [1m[34mSELECT "users".* FROM "users" WHERE "users"."id" = ? ORDER BY "users"."id" ASC LIMIT ?[0m  [["id", 1], ["LIMIT", 1]]
  Rendering tweets/index.html.erb within layouts/application
  [1m[36mTweet Load (0.2ms)[0m  [1m[34mSELECT "tweets".* FROM "tweets"[0m
  ↳ app/views/tweets/index.html.erb:2
  [1m[36mUser Load (0.1ms)[0m  [1m[34mSELECT "users".* FROM "users" WHERE "users"."id" = ? LIMIT ?[0m  [["id", 1], ["LIMIT", 1]]
  ↳ app/views/tweets/index.html.erb:4
  Rendered tweets/index.html.erb within layouts/application (Duration: 6.2ms | Allocations: 1602)
[Webpacker] Everything's up-to-date. Nothing to do
Completed 200 OK in 23ms (Views: 19.7ms | ActiveRecord: 0.4ms | Allocations: 11942)


Started GET "/tweets" for 127.0.0.1 at 2020-11-29 13:15:09 -0800
Processing by TweetsController#index as HTML
  [1m[36mUser Load (0.1ms)[0m  [1m[34mSELECT "users".* FROM "users" WHERE "users"."id" = ? ORDER BY "users"."id" ASC LIMIT ?[0m  [["id", 1], ["LIMIT", 1]]
  Rendering tweets/index.html.erb within layouts/application
  [1m[36mTweet Load (0.2ms)[0m  [1m[34mSELECT "tweets".* FROM "tweets"[0m
  ↳ app/views/tweets/index.html.erb:2
  [1m[36mUser Load (0.1ms)[0m  [1m[34mSELECT "users".* FROM "users" WHERE "users"."id" = ? LIMIT ?[0m  [["id", 1], ["LIMIT", 1]]
  ↳ app/views/tweets/index.html.erb:4
  Rendered tweets/index.html.erb within layouts/application (Duration: 16.8ms | Allocations: 1597)
[Webpacker] Everything's up-to-date. Nothing to do
Completed 200 OK in 38ms (Views: 33.8ms | ActiveRecord: 0.5ms | Allocations: 11959)


Started GET "/tweets" for 127.0.0.1 at 2020-11-29 13:20:00 -0800
Processing by TweetsController#index as HTML
  [1m[36mUser Load (0.2ms)[0m  [1m[34mSELECT "users".* FROM "users" WHERE "users"."id" = ? ORDER BY "users"."id" ASC LIMIT ?[0m  [["id", 1], ["LIMIT", 1]]
  Rendering tweets/index.html.erb within layouts/application
  [1m[36mTweet Load (0.2ms)[0m  [1m[34mSELECT "tweets".* FROM "tweets"[0m
  ↳ app/views/tweets/index.html.erb:2
  [1m[36mUser Load (0.1ms)[0m  [1m[34mSELECT "users".* FROM "users" WHERE "users"."id" = ? LIMIT ?[0m  [["id", 1], ["LIMIT", 1]]
  ↳ app/views/tweets/index.html.erb:4
  Rendered tweets/index.html.erb within layouts/application (Duration: 26.3ms | Allocations: 1597)
[Webpacker] Everything's up-to-date. Nothing to do
Completed 200 OK in 442ms (Views: 437.9ms | ActiveRecord: 0.5ms | Allocations: 11951)


Started GET "/tweets" for 127.0.0.1 at 2020-11-29 13:20:57 -0800
Processing by TweetsController#index as HTML
  [1m[36mUser Load (0.1ms)[0m  [1m[34mSELECT "users".* FROM "users" WHERE "users"."id" = ? ORDER BY "users"."id" ASC LIMIT ?[0m  [["id", 1], ["LIMIT", 1]]
  Rendering tweets/index.html.erb within layouts/application
  [1m[36mTweet Load (0.1ms)[0m  [1m[34mSELECT "tweets".* FROM "tweets"[0m
  ↳ app/views/tweets/index.html.erb:2
  [1m[36mUser Load (0.1ms)[0m  [1m[34mSELECT "users".* FROM "users" WHERE "users"."id" = ? LIMIT ?[0m  [["id", 1], ["LIMIT", 1]]
  ↳ app/views/tweets/index.html.erb:4
  Rendered tweets/index.html.erb within layouts/application (Duration: 2.9ms | Allocations: 1408)
[Webpacker] Compiling...
[Webpacker] Compiled all packs in /Users/mac/Desktop/twitter_redesign/public/packs
[Webpacker] Hash: 1c5945c16e510d1d3d1f
Version: webpack 4.44.2
Time: 7461ms
Built at: 11/29/2020 1:21:25 PM
                                     Asset       Size       Chunks                         Chunk Names
    js/application-66130de9c6905ce97db9.js    433 KiB  application  [emitted] [immutable]  application
js/application-66130de9c6905ce97db9.js.map    506 KiB  application  [emitted] [dev]        application
                             manifest.json  364 bytes               [emitted]              
Entrypoint application = js/application-66130de9c6905ce97db9.js js/application-66130de9c6905ce97db9.js.map
[./app/javascript/channels sync recursive _channel\.js$] ./app/javascript/channels sync _channel\.js$ 160 bytes {application} [built]
[./app/javascript/channels/index.js] 211 bytes {application} [built]
[./app/javascript/packs/application.js] 810 bytes {application} [built]
[./node_modules/webpack/buildin/module.js] (webpack)/buildin/module.js 552 bytes {application} [built]
    + 4 hidden modules

Completed 200 OK in 31731ms (Views: 31728.0ms | ActiveRecord: 0.3ms | Allocations: 11849)


Started GET "/tweets" for 127.0.0.1 at 2020-11-29 13:24:27 -0800
Processing by TweetsController#index as HTML
  [1m[36mUser Load (0.2ms)[0m  [1m[34mSELECT "users".* FROM "users" WHERE "users"."id" = ? ORDER BY "users"."id" ASC LIMIT ?[0m  [["id", 1], ["LIMIT", 1]]
  Rendering tweets/index.html.erb within layouts/application
  [1m[36mTweet Load (0.1ms)[0m  [1m[34mSELECT "tweets".* FROM "tweets"[0m
  ↳ app/views/tweets/index.html.erb:2
  [1m[36mUser Load (0.1ms)[0m  [1m[34mSELECT "users".* FROM "users" WHERE "users"."id" = ? LIMIT ?[0m  [["id", 1], ["LIMIT", 1]]
  ↳ app/views/tweets/index.html.erb:4
  Rendered tweets/index.html.erb within layouts/application (Duration: 3.2ms | Allocations: 1407)
[Webpacker] Compiling...
[Webpacker] Compiled all packs in /Users/mac/Desktop/twitter_redesign/public/packs
[Webpacker] Hash: b44752968732ad4a755a
Version: webpack 4.44.2
Time: 5497ms
Built at: 11/29/2020 1:24:51 PM
                                     Asset       Size       Chunks                         Chunk Names
    js/application-359d828fdf771315918b.js    433 KiB  application  [emitted] [immutable]  application
js/application-359d828fdf771315918b.js.map    506 KiB  application  [emitted] [dev]        application
                             manifest.json  364 bytes               [emitted]              
Entrypoint application = js/application-359d828fdf771315918b.js js/application-359d828fdf771315918b.js.map
[./app/javascript/channels sync recursive _channel\.js$] ./app/javascript/channels sync _channel\.js$ 160 bytes {application} [built]
[./app/javascript/channels/index.js] 211 bytes {application} [built]
[./app/javascript/packs/application.js] 749 bytes {application} [built]
[./node_modules/webpack/buildin/module.js] (webpack)/buildin/module.js 552 bytes {application} [built]
    + 4 hidden modules

Completed 200 OK in 24435ms (Views: 24431.1ms | ActiveRecord: 0.4ms | Allocations: 66828)


Started GET "/tweets" for 127.0.0.1 at 2020-11-29 13:25:10 -0800
Processing by TweetsController#index as HTML
  [1m[36mUser Load (0.2ms)[0m  [1m[34mSELECT "users".* FROM "users" WHERE "users"."id" = ? ORDER BY "users"."id" ASC LIMIT ?[0m  [["id", 1], ["LIMIT", 1]]
  Rendering tweets/index.html.erb within layouts/application
  [1m[36mTweet Load (0.3ms)[0m  [1m[34mSELECT "tweets".* FROM "tweets"[0m
  ↳ app/views/tweets/index.html.erb:2
  [1m[36mUser Load (0.1ms)[0m  [1m[34mSELECT "users".* FROM "users" WHERE "users"."id" = ? LIMIT ?[0m  [["id", 1], ["LIMIT", 1]]
  ↳ app/views/tweets/index.html.erb:4
  Rendered tweets/index.html.erb within layouts/application (Duration: 7.0ms | Allocations: 1602)
[Webpacker] Everything's up-to-date. Nothing to do
Completed 200 OK in 85ms (Views: 81.4ms | ActiveRecord: 0.6ms | Allocations: 12191)


Started GET "/tweets/new" for 127.0.0.1 at 2020-11-29 13:25:12 -0800
Processing by TweetsController#new as HTML
  [1m[36mUser Load (0.2ms)[0m  [1m[34mSELECT "users".* FROM "users" WHERE "users"."id" = ? ORDER BY "users"."id" ASC LIMIT ?[0m  [["id", 1], ["LIMIT", 1]]
  Rendering tweets/new.html.erb within layouts/application
  Rendered tweets/_form.html.erb (Duration: 9.7ms | Allocations: 770)
  Rendered tweets/new.html.erb within layouts/application (Duration: 36.0ms | Allocations: 1095)
[Webpacker] Everything's up-to-date. Nothing to do
Completed 200 OK in 56ms (Views: 51.9ms | ActiveRecord: 0.2ms | Allocations: 10402)


Started GET "/tweets" for 127.0.0.1 at 2020-11-29 13:25:18 -0800
Processing by TweetsController#index as HTML
  [1m[36mUser Load (0.2ms)[0m  [1m[34mSELECT "users".* FROM "users" WHERE "users"."id" = ? ORDER BY "users"."id" ASC LIMIT ?[0m  [["id", 1], ["LIMIT", 1]]
  Rendering tweets/index.html.erb within layouts/application
  [1m[36mTweet Load (0.2ms)[0m  [1m[34mSELECT "tweets".* FROM "tweets"[0m
  ↳ app/views/tweets/index.html.erb:2
  [1m[36mUser Load (0.1ms)[0m  [1m[34mSELECT "users".* FROM "users" WHERE "users"."id" = ? LIMIT ?[0m  [["id", 1], ["LIMIT", 1]]
  ↳ app/views/tweets/index.html.erb:4
  Rendered tweets/index.html.erb within layouts/application (Duration: 6.7ms | Allocations: 1408)
[Webpacker] Everything's up-to-date. Nothing to do
Completed 200 OK in 48ms (Views: 41.5ms | ActiveRecord: 0.5ms | Allocations: 10613)


Started GET "/tweets/new" for 127.0.0.1 at 2020-11-29 13:25:19 -0800
Processing by TweetsController#new as HTML
  [1m[36mUser Load (0.4ms)[0m  [1m[34mSELECT "users".* FROM "users" WHERE "users"."id" = ? ORDER BY "users"."id" ASC LIMIT ?[0m  [["id", 1], ["LIMIT", 1]]
  Rendering tweets/new.html.erb within layouts/application
  Rendered tweets/_form.html.erb (Duration: 1.7ms | Allocations: 501)
  Rendered tweets/new.html.erb within layouts/application (Duration: 2.0ms | Allocations: 583)
[Webpacker] Everything's up-to-date. Nothing to do
Completed 200 OK in 25ms (Views: 20.0ms | ActiveRecord: 0.4ms | Allocations: 9754)


Started GET "/tweets" for 127.0.0.1 at 2020-11-29 13:26:03 -0800
Processing by TweetsController#index as HTML
  [1m[36mUser Load (0.2ms)[0m  [1m[34mSELECT "users".* FROM "users" WHERE "users"."id" = ? ORDER BY "users"."id" ASC LIMIT ?[0m  [["id", 1], ["LIMIT", 1]]
  Rendering tweets/index.html.erb within layouts/application
  [1m[36mTweet Load (0.2ms)[0m  [1m[34mSELECT "tweets".* FROM "tweets"[0m
  ↳ app/views/tweets/index.html.erb:2
  [1m[36mUser Load (0.2ms)[0m  [1m[34mSELECT "users".* FROM "users" WHERE "users"."id" = ? LIMIT ?[0m  [["id", 1], ["LIMIT", 1]]
  ↳ app/views/tweets/index.html.erb:4
  Rendered tweets/index.html.erb within layouts/application (Duration: 9.1ms | Allocations: 1599)
[Webpacker] Everything's up-to-date. Nothing to do
Completed 200 OK in 45ms (Views: 40.8ms | ActiveRecord: 0.5ms | Allocations: 11996)


Started GET "/tweets" for 127.0.0.1 at 2020-11-29 13:26:18 -0800
Processing by TweetsController#index as HTML
  [1m[36mUser Load (0.2ms)[0m  [1m[34mSELECT "users".* FROM "users" WHERE "users"."id" = ? ORDER BY "users"."id" ASC LIMIT ?[0m  [["id", 1], ["LIMIT", 1]]
  Rendering tweets/index.html.erb within layouts/application
  [1m[36mTweet Load (0.1ms)[0m  [1m[34mSELECT "tweets".* FROM "tweets"[0m
  ↳ app/views/tweets/index.html.erb:2
  [1m[36mUser Load (0.2ms)[0m  [1m[34mSELECT "users".* FROM "users" WHERE "users"."id" = ? LIMIT ?[0m  [["id", 1], ["LIMIT", 1]]
  ↳ app/views/tweets/index.html.erb:4
  Rendered tweets/index.html.erb within layouts/application (Duration: 3.7ms | Allocations: 1601)
[Webpacker] Everything's up-to-date. Nothing to do
Completed 200 OK in 27ms (Views: 22.3ms | ActiveRecord: 0.5ms | Allocations: 11947)


Started GET "/tweets" for 127.0.0.1 at 2020-11-29 13:26:28 -0800
Processing by TweetsController#index as HTML
  [1m[36mUser Load (0.2ms)[0m  [1m[34mSELECT "users".* FROM "users" WHERE "users"."id" = ? ORDER BY "users"."id" ASC LIMIT ?[0m  [["id", 1], ["LIMIT", 1]]
  Rendering tweets/index.html.erb within layouts/application
  [1m[36mTweet Load (0.2ms)[0m  [1m[34mSELECT "tweets".* FROM "tweets"[0m
  ↳ app/views/tweets/index.html.erb:2
  [1m[36mUser Load (0.2ms)[0m  [1m[34mSELECT "users".* FROM "users" WHERE "users"."id" = ? LIMIT ?[0m  [["id", 1], ["LIMIT", 1]]
  ↳ app/views/tweets/index.html.erb:4
  Rendered tweets/index.html.erb within layouts/application (Duration: 5.5ms | Allocations: 1598)
[Webpacker] Everything's up-to-date. Nothing to do
Completed 200 OK in 31ms (Views: 26.9ms | ActiveRecord: 0.6ms | Allocations: 11990)


Started GET "/tweets" for 127.0.0.1 at 2020-11-29 13:26:40 -0800
Processing by TweetsController#index as HTML
  [1m[36mUser Load (0.2ms)[0m  [1m[34mSELECT "users".* FROM "users" WHERE "users"."id" = ? ORDER BY "users"."id" ASC LIMIT ?[0m  [["id", 1], ["LIMIT", 1]]
  Rendering tweets/index.html.erb within layouts/application
  [1m[36mTweet Load (0.1ms)[0m  [1m[34mSELECT "tweets".* FROM "tweets"[0m
  ↳ app/views/tweets/index.html.erb:2
  [1m[36mUser Load (0.1ms)[0m  [1m[34mSELECT "users".* FROM "users" WHERE "users"."id" = ? LIMIT ?[0m  [["id", 1], ["LIMIT", 1]]
  ↳ app/views/tweets/index.html.erb:4
  Rendered tweets/index.html.erb within layouts/application (Duration: 3.2ms | Allocations: 1597)
[Webpacker] Everything's up-to-date. Nothing to do
Completed 200 OK in 36ms (Views: 32.0ms | ActiveRecord: 0.4ms | Allocations: 11990)


